<?xml version="1.0" encoding="UTF-8"?>
<!-- Generated by org.testng.reporters.JUnitXMLReporter -->
<testsuite ignored="0" hostname="LAPTOP-4H9OMSJB" failures="0" tests="4" name="Default test" time="89.39" errors="0" timestamp="2023-02-11T13:33:45 IST">
  <testcase classname="petdisesealert_testcases.Pet_testcases" name="states" time="2.319"/>
  <testcase classname="petdisesealert_testcases.Pet_testcases" name="states" time="2.224"/>
  <testcase classname="petdisesealert_testcases.Pet_testcases" name="states" time="2.293"/>
  <testcase classname="petdisesealert_testcases.Pet_testcases" name="states" time="2.627"/>
</testsuite> <!-- Default test -->
